<?xml version="1.0" encoding="UTF-8" ?>
<testsuites>
  <testsuite errors="0" failures="0" hostname="tuatara-2.local" id="0" name="WhenYouCreateACell" package="com.wakaleo.gameoflife.domain" tests="6" time="0.119" timestamp="2010-12-04T19:14:28">
      <properties />

      <testcase classname="com.wakaleo.gameoflife.domain.WhenYouCreateACell" name="aLiveCellShouldBeRepresentedByAnAsterisk" time="0.0090" />

      <testcase classname="com.wakaleo.gameoflife.domain.WhenYouCreateACell" name="aDeadCellShouldBeRepresentedByADot" time="0.0" />

      <testcase classname="com.wakaleo.gameoflife.domain.WhenYouCreateACell" name="aLiveCellShouldBePrintedAsAnAsterisk" time="0.0" />

      <testcase classname="com.wakaleo.gameoflife.domain.WhenYouCreateACell" name="aDeadCellShouldBePrintedAsADot" time="0.0" />

      <testcase classname="com.wakaleo.gameoflife.domain.WhenYouCreateACell" name="aDeadCellSymbolShouldBeADot" time="0.0" />

      <testcase classname="com.wakaleo.gameoflife.domain.WhenYouCreateACell" name="aLiveCellSymbolShouldBeAnAsterisk" time="0.0" />

      <system-out><![CDATA[]]></system-out>

      <system-err><![CDATA[]]></system-err>

  </testsuite>
  <testsuite errors="0" failures="0" hostname="tuatara-2.local" id="1" name="WhenYouCreateAGrid" package="com.wakaleo.gameoflife.domain" tests="16" time="0.035" timestamp="2010-12-04T19:14:28">
      <properties />

      <testcase classname="com.wakaleo.gameoflife.domain.WhenYouCreateAGrid" name="aNewGridShouldBeEmpty" time="0.0020" />

      <testcase classname="com.wakaleo.gameoflife.domain.WhenYouCreateAGrid" name="shouldBeAbleToSeedAGridWithAString" time="0.0010" />

      <testcase classname="com.wakaleo.gameoflife.domain.WhenYouCreateAGrid" name="shouldBeAbleToSeedAGridWithANonEmptyString" time="0.0" />

      <testcase classname="com.wakaleo.gameoflife.domain.WhenYouCreateAGrid" name="shouldBeAbleToCountLiveNeighboursOfACell" time="0.0010" />

      <testcase classname="com.wakaleo.gameoflife.domain.WhenYouCreateAGrid" name="shouldBeAbleToCountLiveNeighboursOfACellOnBoundaries" time="0.0" />

      <testcase classname="com.wakaleo.gameoflife.domain.WhenYouCreateAGrid" name="shouldBeAbleToCountLiveNeighboursOfACellInTheMiddleOfTheGrid" time="0.0010" />

      <testcase classname="com.wakaleo.gameoflife.domain.WhenYouCreateAGrid" name="shouldBeAbleToCountLiveNeighboursOfACellOnAnotherLine" time="0.0" />

      <testcase classname="com.wakaleo.gameoflife.domain.WhenYouCreateAGrid" name="shouldBeAbleToCountLiveNeighboursOfACellOnDiagonalsAndStraightLines" time="0.0" />

      <testcase classname="com.wakaleo.gameoflife.domain.WhenYouCreateAGrid" name="shouldNotCountTheTargetCellAsANeighbour" time="0.0" />

      <testcase classname="com.wakaleo.gameoflife.domain.WhenYouCreateAGrid" name="shouldBeAbleToReadTheStateOfALivingCell" time="0.0" />

      <testcase classname="com.wakaleo.gameoflife.domain.WhenYouCreateAGrid" name="shouldBeAbleToReadTheStateOfADeadCell" time="0.0" />

      <testcase classname="com.wakaleo.gameoflife.domain.WhenYouCreateAGrid" name="shouldBeAbleToReadTheWidthOfTheGrid" time="0.0010" />

      <testcase classname="com.wakaleo.gameoflife.domain.WhenYouCreateAGrid" name="shouldBeAbleToReadTheHeightOfTheGrid" time="0.0" />

      <testcase classname="com.wakaleo.gameoflife.domain.WhenYouCreateAGrid" name="shouldBeAbleToObtainTheGridContentsAsAnArray" time="0.0010" />

      <testcase classname="com.wakaleo.gameoflife.domain.WhenYouCreateAGrid" name="theGridContentsAsAnArrayShouldBeTheCorrectSize" time="0.0" />

      <testcase classname="com.wakaleo.gameoflife.domain.WhenYouCreateAGrid" name="ModifyingTheGridContentsAsAnArrayShouldNotModifyTheOriginalContents" time="0.0" />

      <system-out><![CDATA[]]></system-out>

      <system-err><![CDATA[]]></system-err>

  </testsuite>
  <testsuite errors="0" failures="0" hostname="tuatara-2.local" id="2" name="WhenYouCreateANewUniverse" package="com.wakaleo.gameoflife.domain" tests="11" time="0.036" timestamp="2010-12-04T19:14:28">
      <properties />

      <testcase classname="com.wakaleo.gameoflife.domain.WhenYouCreateANewUniverse" name="aNewUniverseShouldContainOnlyDeadCells" time="0.0010" />

      <testcase classname="com.wakaleo.gameoflife.domain.WhenYouCreateANewUniverse" name="aUniverseSeededWithAnEmpyGridContentWillContainAnEmptyGrid" time="0.0" />

      <testcase classname="com.wakaleo.gameoflife.domain.WhenYouCreateANewUniverse" name="aUniverseCanBeInitializedWithAnyDimension" time="0.0010" />

      <testcase classname="com.wakaleo.gameoflife.domain.WhenYouCreateANewUniverse" name="aUniverseSeededWithAGridContainingASingleLiveCellContentWillSpawnAnEmptyGrid" time="0.0" />

      <testcase classname="com.wakaleo.gameoflife.domain.WhenYouCreateANewUniverse" name="aUniverseSeededWithAGridWithLivingCellsContentWillContainThatGrid" time="0.0" />

      <testcase classname="com.wakaleo.gameoflife.domain.WhenYouCreateANewUniverse" name="aUniverseSpawnsANewGridInTheNextGeneration" time="0.0" />

      <testcase classname="com.wakaleo.gameoflife.domain.WhenYouCreateANewUniverse" name="aUserCanAssignALiveCellAtAGivenPointInTheGrid" time="0.0" />

      <testcase classname="com.wakaleo.gameoflife.domain.WhenYouCreateANewUniverse" name="aUserCanAssignADeadCellAtAGivenPointInTheGrid" time="0.0010" />

      <testcase classname="com.wakaleo.gameoflife.domain.WhenYouCreateANewUniverse" name="aUserCanReadALiveCellValueAtAGivenPointInTheGrid" time="0.0" />

      <testcase classname="com.wakaleo.gameoflife.domain.WhenYouCreateANewUniverse" name="aUserCanReadADeadCellValueAtAGivenPointInTheGrid" time="0.0" />

      <testcase classname="com.wakaleo.gameoflife.domain.WhenYouCreateANewUniverse" name="aUserCanObtainTheGridContentsAsAnArrayOfCells" time="0.0020" />

      <system-out><![CDATA[]]></system-out>

      <system-err><![CDATA[]]></system-err>

  </testsuite>
  <testsuite errors="0" failures="0" hostname="tuatara-2.local" id="3" name="WhenYouPlayTheGameOfLife" package="com.wakaleo.gameoflife.domain" tests="4" time="0.014" timestamp="2010-12-04T19:14:28">
      <properties />

      <testcase classname="com.wakaleo.gameoflife.domain.WhenYouPlayTheGameOfLife" name="aDeadCellWithNoNeighboursShouldRemainDeadInTheNextGeneration" time="0.0010" />

      <testcase classname="com.wakaleo.gameoflife.domain.WhenYouPlayTheGameOfLife" name="aDeadCellWithOneLiveNeighbourShouldRemainDeadInTheNextGeneration" time="0.0010" />

      <testcase classname="com.wakaleo.gameoflife.domain.WhenYouPlayTheGameOfLife" name="liveCellaWith2or3iveNeighbourShouldRemainAliveInTheNextGeneration" time="0.0" />

      <testcase classname="com.wakaleo.gameoflife.domain.WhenYouPlayTheGameOfLife" name="aLiveCellWithExactlyTwoLiveNeighbourShouldRemainAliveInTheNextGeneration" time="0.0070" />

      <system-out><![CDATA[]]></system-out>

      <system-err><![CDATA[]]></system-err>

  </testsuite>
  <testsuite errors="0" failures="0" hostname="tuatara-2.local" id="4" name="WhenYouPrintAGrid" package="com.wakaleo.gameoflife.domain" tests="3" time="0.0050" timestamp="2010-12-04T19:14:28">
      <properties />

      <testcase classname="com.wakaleo.gameoflife.domain.WhenYouPrintAGrid" name="shouldBeAbleToReadAGridOfCellsFromAString" time="0.0" />

      <testcase classname="com.wakaleo.gameoflife.domain.WhenYouPrintAGrid" name="shouldBeAbleToReadAStringGridContainingLiveAndDeadCells" time="0.0" />

      <testcase classname="com.wakaleo.gameoflife.domain.WhenYouPrintAGrid" name="shouldBeAbleToReadALargeStringGridContainingLiveAndDeadCells" time="0.0" />

      <system-out><![CDATA[]]></system-out>

      <system-err><![CDATA[]]></system-err>

  </testsuite>
  <testsuite errors="0" failures="0" hostname="tuatara-2.local" id="5" name="WhenYouReadAGridFromAString" package="com.wakaleo.gameoflife.domain" tests="7" time="0.013" timestamp="2010-12-04T19:14:28">
      <properties />

      <testcase classname="com.wakaleo.gameoflife.domain.WhenYouReadAGridFromAString" name="shouldBeAbleToReadAGridOfCellsFromAString" time="0.0" />

      <testcase classname="com.wakaleo.gameoflife.domain.WhenYouReadAGridFromAString" name="shouldBeAbleToReadAnEmptyGridOfCellsFromAnEmptyString" time="0.0" />

      <testcase classname="com.wakaleo.gameoflife.domain.WhenYouReadAGridFromAString" name="shouldBeAbleToReadAGridContainingASingleCellFromAString" time="0.0" />

      <testcase classname="com.wakaleo.gameoflife.domain.WhenYouReadAGridFromAString" name="shouldRefuseIllegalCellCharacters" time="0.0" />

      <testcase classname="com.wakaleo.gameoflife.domain.WhenYouReadAGridFromAString" name="shouldBeAbleToReadAGridContainingLiveAndDeadCells" time="0.0" />

      <testcase classname="com.wakaleo.gameoflife.domain.WhenYouReadAGridFromAString" name="shouldBeAbleToReadAnAsymetricalGridContainingLiveAndDeadCells" time="0.0010" />

      <testcase classname="com.wakaleo.gameoflife.domain.WhenYouReadAGridFromAString" name="shouldBeAbleToReadALargerGrid" time="0.0" />

      <system-out><![CDATA[]]></system-out>

      <system-err><![CDATA[]]></system-err>

  </testsuite>
  <testsuite errors="0" failures="0" hostname="tuatara-2.local" id="6" name="WhenIUseMyCustomHamcrestMatchers" package="com.wakaleo.gameoflife.hamcrest" tests="2" time="0.0060" timestamp="2010-12-04T19:14:28">
      <properties />

      <testcase classname="com.wakaleo.gameoflife.hamcrest.WhenIUseMyCustomHamcrestMatchers" name="thehasSizeMatcherShouldMatchACollectionWithExpectedSize" time="0.0020" />

      <testcase classname="com.wakaleo.gameoflife.hamcrest.WhenIUseMyCustomHamcrestMatchers" name="weCanUseCustomMatchersWithOtherMatchers" time="0.0020" />

      <system-out><![CDATA[]]></system-out>

      <system-err><![CDATA[]]></system-err>

  </testsuite>
</testsuites>
